This is XeTeX, Version 3.14159265-2.6-0.999991 (MiKTeX 2.9.7000 64-bit) (preloaded format=xelatex 2019.3.31)  2 MAY 2019 15:25
entering extended mode
**./my_ntust_thesis.tex
(my_ntust_thesis.tex
LaTeX2e <2018-12-01>
(ntust_report.cls
Document Class: ntust_report 2005/03/16 v0.1 Modified Standard LaTeX document c
lass

("C:\Users\yuliagiarto\AppData\Local\Programs\MiKTeX 2.9\tex/latex/base\size12.
clo"
File: size12.clo 2018/09/03 v1.4i Standard LaTeX file (size option)
)
\c@part=\count80
\c@chapter=\count81
\c@section=\count82
\c@subsection=\count83
\c@subsubsection=\count84
\c@paragraph=\count85
\c@subparagraph=\count86
\c@figure=\count87
\c@table=\count88
\abovecaptionskip=\skip41
\belowcaptionskip=\skip42
\bibindent=\dimen102
)
("C:\Users\yuliagiarto\AppData\Local\Programs\MiKTeX 2.9\tex/latex/amsfonts\ams
symb.sty"
Package: amssymb 2013/01/14 v3.01 AMS font symbols

("C:\Users\yuliagiarto\AppData\Local\Programs\MiKTeX 2.9\tex/latex/amsfonts\ams
fonts.sty"
Package: amsfonts 2013/01/14 v3.01 Basic AMSFonts support
\@emptytoks=\toks14
\symAMSa=\mathgroup4
\symAMSb=\mathgroup5
LaTeX Font Info:    Overwriting math alphabet `\mathfrak' in version `bold'
(Font)                  U/euf/m/n --> U/euf/b/n on input line 106.
))
("C:\Users\yuliagiarto\AppData\Local\Programs\MiKTeX 2.9\tex/latex/amsmath\amsm
ath.sty"
Package: amsmath 2018/12/01 v2.17b AMS math features
\@mathmargin=\skip43

For additional information on amsmath, use the `?' option.

("C:\Users\yuliagiarto\AppData\Local\Programs\MiKTeX 2.9\tex/latex/amsmath\amst
ext.sty"
Package: amstext 2000/06/29 v2.01 AMS text

("C:\Users\yuliagiarto\AppData\Local\Programs\MiKTeX 2.9\tex/latex/amsmath\amsg
en.sty"
File: amsgen.sty 1999/11/30 v2.0 generic functions
\@emptytoks=\toks15
\ex@=\dimen103
))
("C:\Users\yuliagiarto\AppData\Local\Programs\MiKTeX 2.9\tex/latex/amsmath\amsb
sy.sty"
Package: amsbsy 1999/11/29 v1.2d Bold Symbols
\pmbraise@=\dimen104
)
("C:\Users\yuliagiarto\AppData\Local\Programs\MiKTeX 2.9\tex/latex/amsmath\amso
pn.sty"
Package: amsopn 2016/03/08 v2.02 operator names
)
\inf@bad=\count89
LaTeX Info: Redefining \frac on input line 223.
\uproot@=\count90
\leftroot@=\count91
LaTeX Info: Redefining \overline on input line 385.
\classnum@=\count92
\DOTSCASE@=\count93
LaTeX Info: Redefining \ldots on input line 482.
LaTeX Info: Redefining \dots on input line 485.
LaTeX Info: Redefining \cdots on input line 606.
\Mathstrutbox@=\box27
\strutbox@=\box28
\big@size=\dimen105
LaTeX Font Info:    Redeclaring font encoding OML on input line 729.
LaTeX Font Info:    Redeclaring font encoding OMS on input line 730.
\macc@depth=\count94
\c@MaxMatrixCols=\count95
\dotsspace@=\muskip10
\c@parentequation=\count96
\dspbrk@lvl=\count97
\tag@help=\toks16
\row@=\count98
\column@=\count99
\maxfields@=\count100
\andhelp@=\toks17
\eqnshift@=\dimen106
\alignsep@=\dimen107
\tagshift@=\dimen108
\tagwidth@=\dimen109
\totwidth@=\dimen110
\lineht@=\dimen111
\@envbody=\toks18
\multlinegap=\skip44
\multlinetaggap=\skip45
\mathdisplay@stack=\toks19
LaTeX Info: Redefining \[ on input line 2844.
LaTeX Info: Redefining \] on input line 2845.
)
("C:\Users\yuliagiarto\AppData\Local\Programs\MiKTeX 2.9\tex/latex/algorithms\a
lgorithm.sty"
Invalid UTF-8 byte or sequence at line 11 replaced by U+FFFD.
Package: algorithm 2009/08/24 v0.1 Document Style `algorithm' - floating enviro
nment

("C:\Users\yuliagiarto\AppData\Local\Programs\MiKTeX 2.9\tex/latex/float\float.
sty"
Package: float 2001/11/08 v1.3d Float enhancements (AL)
\c@float@type=\count101
\float@exts=\toks20
\float@box=\box29
\@float@everytoks=\toks21
\@floatcapt=\box30
)
("C:\Users\yuliagiarto\AppData\Local\Programs\MiKTeX 2.9\tex/latex/base\ifthen.
sty"
Package: ifthen 2014/09/29 v1.1c Standard LaTeX ifthen package (DPC)
)
\@float@every@algorithm=\toks22
\c@algorithm=\count102
)
("C:\Users\yuliagiarto\AppData\Local\Programs\MiKTeX 2.9\tex/latex/algorithmicx
\algpseudocode.sty"
Package: algpseudocode 

("C:\Users\yuliagiarto\AppData\Local\Programs\MiKTeX 2.9\tex/latex/algorithmicx
\algorithmicx.sty"
Package: algorithmicx 2005/04/27 v1.2 Algorithmicx

Document Style algorithmicx 1.2 - a greatly improved `algorithmic' style
\c@ALG@line=\count103
\c@ALG@rem=\count104
\c@ALG@nested=\count105
\ALG@tlm=\skip46
\ALG@thistlm=\skip47
\c@ALG@Lnr=\count106
\c@ALG@blocknr=\count107
\c@ALG@storecount=\count108
\c@ALG@tmpcounter=\count109
\ALG@tmplength=\skip48
)
Document Style - pseudocode environments for use with the `algorithmicx' style
)
("C:\Users\yuliagiarto\AppData\Local\Programs\MiKTeX 2.9\tex/latex/adjustbox\ad
justbox.sty"
Package: adjustbox 2019/01/04 v1.2 Adjusting TeX boxes (trim, clip, ...)

("C:\Users\yuliagiarto\AppData\Local\Programs\MiKTeX 2.9\tex/latex/xkeyval\xkey
val.sty"
Package: xkeyval 2014/12/03 v2.7a package option processing (HA)

("C:\Users\yuliagiarto\AppData\Local\Programs\MiKTeX 2.9\tex/generic/xkeyval\xk
eyval.tex"
("C:\Users\yuliagiarto\AppData\Local\Programs\MiKTeX 2.9\tex/generic/xkeyval\xk
vutils.tex"
\XKV@toks=\toks23
\XKV@tempa@toks=\toks24

("C:\Users\yuliagiarto\AppData\Local\Programs\MiKTeX 2.9\tex/generic/xkeyval\ke
yval.tex"))
\XKV@depth=\count110
File: xkeyval.tex 2014/12/03 v2.7a key=value parser (HA)
))
("C:\Users\yuliagiarto\AppData\Local\Programs\MiKTeX 2.9\tex/latex/adjustbox\ad
jcalc.sty"
Package: adjcalc 2012/05/16 v1.1 Provides advanced setlength with multiple back
-ends (calc, etex, pgfmath)
)
("C:\Users\yuliagiarto\AppData\Local\Programs\MiKTeX 2.9\tex/latex/adjustbox\tr
imclip.sty"
Package: trimclip 2018/04/08 v1.1 Trim and clip general TeX material

("C:\Users\yuliagiarto\AppData\Local\Programs\MiKTeX 2.9\tex/latex/graphics\gra
phicx.sty"
Package: graphicx 2017/06/01 v1.1a Enhanced LaTeX Graphics (DPC,SPQR)

("C:\Users\yuliagiarto\AppData\Local\Programs\MiKTeX 2.9\tex/latex/graphics\gra
phics.sty"
Package: graphics 2017/06/25 v1.2c Standard LaTeX Graphics (DPC,SPQR)

("C:\Users\yuliagiarto\AppData\Local\Programs\MiKTeX 2.9\tex/latex/graphics\tri
g.sty"
Package: trig 2016/01/03 v1.10 sin cos tan (DPC)
)
("C:\Users\yuliagiarto\AppData\Local\Programs\MiKTeX 2.9\tex/latex/graphics-cfg
\graphics.cfg"
File: graphics.cfg 2016/06/04 v1.11 sample graphics configuration
)
Package graphics Info: Driver file: xetex.def on input line 99.

("C:\Users\yuliagiarto\AppData\Local\Programs\MiKTeX 2.9\tex/latex/graphics-def
\xetex.def"
File: xetex.def 2017/06/24 v5.0h Graphics/color driver for xetex
))
\Gin@req@height=\dimen112
\Gin@req@width=\dimen113
)
("C:\Users\yuliagiarto\AppData\Local\Programs\MiKTeX 2.9\tex/latex/collectbox\c
ollectbox.sty"
Package: collectbox 2012/05/17 v0.4b Collect macro arguments as boxes
\collectedbox=\box31
)
\tc@llx=\dimen114
\tc@lly=\dimen115
\tc@urx=\dimen116
\tc@ury=\dimen117
Package trimclip Info: Using driver 'tc-xetex.def'.

("C:\Users\yuliagiarto\AppData\Local\Programs\MiKTeX 2.9\tex/latex/adjustbox\tc
-xetex.def"
File: tc-xetex.def 2019/01/04 v2.2 Clipping driver for xetex
))
\adjbox@Width=\dimen118
\adjbox@Height=\dimen119
\adjbox@Depth=\dimen120
\adjbox@Totalheight=\dimen121
\adjbox@pwidth=\dimen122
\adjbox@pheight=\dimen123
\adjbox@pdepth=\dimen124
\adjbox@ptotalheight=\dimen125

("C:\Users\yuliagiarto\AppData\Local\Programs\MiKTeX 2.9\tex/latex/ifoddpage\if
oddpage.sty"
Package: ifoddpage 2016/04/23 v1.1 Conditionals for odd/even page detection
\c@checkoddpage=\count111
)
("C:\Users\yuliagiarto\AppData\Local\Programs\MiKTeX 2.9\tex/latex/varwidth\var
width.sty"
Package: varwidth 2009/03/30 ver 0.92;  Variable-width minipages
\@vwid@box=\box32
\sift@deathcycles=\count112
\@vwid@loff=\dimen126
\@vwid@roff=\dimen127
))
("C:\Users\yuliagiarto\AppData\Local\Programs\MiKTeX 2.9\tex/latex/amscls\amsth
m.sty"
Package: amsthm 2017/10/31 v2.20.4
\thm@style=\toks25
\thm@bodyfont=\toks26
\thm@headfont=\toks27
\thm@notefont=\toks28
\thm@headpunct=\toks29
\thm@preskip=\skip49
\thm@postskip=\skip50
\thm@headsep=\skip51
\dth@everypar=\toks30
)
("C:\Users\yuliagiarto\AppData\Local\Programs\MiKTeX 2.9\tex/latex/fontspec\fon
tspec.sty"
("C:\Users\yuliagiarto\AppData\Local\Programs\MiKTeX 2.9\tex/latex/l3packages/x
parse\xparse.sty"
("C:\Users\yuliagiarto\AppData\Local\Programs\MiKTeX 2.9\tex/latex/l3kernel\exp
l3.sty"
Package: expl3 2019-03-26 L3 programming layer (loader) 

("C:\Users\yuliagiarto\AppData\Local\Programs\MiKTeX 2.9\tex/latex/l3kernel\exp
l3-code.tex"
Package: expl3 2019-03-26 L3 programming layer (code)
\c_max_int=\count113
\l_tmpa_int=\count114
\l_tmpb_int=\count115
\g_tmpa_int=\count116
\g_tmpb_int=\count117
\g__kernel_prg_map_int=\count118
\c__ior_term_ior=\count119
\c_log_iow=\count120
\l_iow_line_count_int=\count121
\l__iow_line_target_int=\count122
\l__iow_one_indent_int=\count123
\l__iow_indent_int=\count124
\c_zero_dim=\dimen128
\c_max_dim=\dimen129
\l_tmpa_dim=\dimen130
\l_tmpb_dim=\dimen131
\g_tmpa_dim=\dimen132
\g_tmpb_dim=\dimen133
\c_zero_skip=\skip52
\c_max_skip=\skip53
\l_tmpa_skip=\skip54
\l_tmpb_skip=\skip55
\g_tmpa_skip=\skip56
\g_tmpb_skip=\skip57
\c_zero_muskip=\muskip11
\c_max_muskip=\muskip12
\l_tmpa_muskip=\muskip13
\l_tmpb_muskip=\muskip14
\g_tmpa_muskip=\muskip15
\g_tmpb_muskip=\muskip16
\l_keys_choice_int=\count125
\l__intarray_loop_int=\count126
\c__intarray_sp_dim=\dimen134
\g__intarray_font_int=\count127
\c__fp_leading_shift_int=\count128
\c__fp_middle_shift_int=\count129
\c__fp_trailing_shift_int=\count130
\c__fp_big_leading_shift_int=\count131
\c__fp_big_middle_shift_int=\count132
\c__fp_big_trailing_shift_int=\count133
\c__fp_Bigg_leading_shift_int=\count134
\c__fp_Bigg_middle_shift_int=\count135
\c__fp_Bigg_trailing_shift_int=\count136
\g__fp_array_int=\count137
\l__fp_array_loop_int=\count138
\l__sort_length_int=\count139
\l__sort_min_int=\count140
\l__sort_top_int=\count141
\l__sort_max_int=\count142
\l__sort_true_max_int=\count143
\l__sort_block_int=\count144
\l__sort_begin_int=\count145
\l__sort_end_int=\count146
\l__sort_A_int=\count147
\l__sort_B_int=\count148
\l__sort_C_int=\count149
\l__tl_analysis_normal_int=\count150
\l__tl_analysis_index_int=\count151
\l__tl_analysis_nesting_int=\count152
\l__tl_analysis_type_int=\count153
\l__regex_internal_a_int=\count154
\l__regex_internal_b_int=\count155
\l__regex_internal_c_int=\count156
\l__regex_balance_int=\count157
\l__regex_group_level_int=\count158
\l__regex_mode_int=\count159
\c__regex_cs_in_class_mode_int=\count160
\c__regex_cs_mode_int=\count161
\l__regex_catcodes_int=\count162
\l__regex_default_catcodes_int=\count163
\c__regex_catcode_L_int=\count164
\c__regex_catcode_O_int=\count165
\c__regex_catcode_A_int=\count166
\c__regex_all_catcodes_int=\count167
\l__regex_show_lines_int=\count168
\l__regex_min_state_int=\count169
\l__regex_max_state_int=\count170
\l__regex_left_state_int=\count171
\l__regex_right_state_int=\count172
\l__regex_capturing_group_int=\count173
\l__regex_min_pos_int=\count174
\l__regex_max_pos_int=\count175
\l__regex_curr_pos_int=\count176
\l__regex_start_pos_int=\count177
\l__regex_success_pos_int=\count178
\l__regex_curr_char_int=\count179
\l__regex_curr_catcode_int=\count180
\l__regex_last_char_int=\count181
\l__regex_case_changed_char_int=\count182
\l__regex_curr_state_int=\count183
\l__regex_step_int=\count184
\l__regex_min_active_int=\count185
\l__regex_max_active_int=\count186
\l__regex_replacement_csnames_int=\count187
\l__regex_match_count_int=\count188
\l__regex_min_submatch_int=\count189
\l__regex_submatch_int=\count190
\l__regex_zeroth_submatch_int=\count191
\g__regex_trace_regex_int=\count192
\c_empty_box=\box33
\l_tmpa_box=\box34
\l_tmpb_box=\box35
\g_tmpa_box=\box36
\g_tmpb_box=\box37
\l__box_top_dim=\dimen135
\l__box_bottom_dim=\dimen136
\l__box_left_dim=\dimen137
\l__box_right_dim=\dimen138
\l__box_top_new_dim=\dimen139
\l__box_bottom_new_dim=\dimen140
\l__box_left_new_dim=\dimen141
\l__box_right_new_dim=\dimen142
\l__box_internal_box=\box38
\l__coffin_internal_box=\box39
\l__coffin_internal_dim=\dimen143
\l__coffin_offset_x_dim=\dimen144
\l__coffin_offset_y_dim=\dimen145
\l__coffin_x_dim=\dimen146
\l__coffin_y_dim=\dimen147
\l__coffin_x_prime_dim=\dimen148
\l__coffin_y_prime_dim=\dimen149
\c_empty_coffin=\box40
\l__coffin_aligned_coffin=\box41
\l__coffin_aligned_internal_coffin=\box42
\l_tmpa_coffin=\box43
\l_tmpb_coffin=\box44
\g_tmpa_coffin=\box45
\g_tmpb_coffin=\box46
\l__coffin_bounding_shift_dim=\dimen150
\l__coffin_left_corner_dim=\dimen151
\l__coffin_right_corner_dim=\dimen152
\l__coffin_bottom_corner_dim=\dimen153
\l__coffin_top_corner_dim=\dimen154
\l__coffin_scaled_total_height_dim=\dimen155
\l__coffin_scaled_width_dim=\dimen156
\c__coffin_empty_coffin=\box47
\l__coffin_display_coffin=\box48
\l__coffin_display_coord_coffin=\box49
\l__coffin_display_pole_coffin=\box50
\l__coffin_display_offset_dim=\dimen157
\l__coffin_display_x_dim=\dimen158
\l__coffin_display_y_dim=\dimen159
\g__file_internal_ior=\read1
\l__seq_internal_a_int=\count193
\l__seq_internal_b_int=\count194
\c__deprecation_minus_one=\count195
)
("C:\Users\yuliagiarto\AppData\Local\Programs\MiKTeX 2.9\tex/latex/l3kernel\l3x
dvipdfmx.def"
File: l3xdvipdfmx.def 2019-03-26 v L3 Experimental driver: xdvipdfmx
\g__driver_image_int=\count196
\g__driver_pdf_object_int=\count197
))
Package: xparse 2019-03-05 L3 Experimental document command parser
\l__xparse_current_arg_int=\count198
\g__xparse_grabber_int=\count199
\l__xparse_m_args_int=\count266
\l__xparse_v_nesting_int=\count267
)
Package: fontspec 2019/03/15 v2.7c Font selection for XeLaTeX and LuaLaTeX

("C:\Users\yuliagiarto\AppData\Local\Programs\MiKTeX 2.9\tex/latex/fontspec\fon
tspec-xetex.sty"
Package: fontspec-xetex 2019/03/15 v2.7c Font selection for XeLaTeX and LuaLaTe
X
\l__fontspec_script_int=\count268
\l__fontspec_language_int=\count269
\l__fontspec_strnum_int=\count270
\l__fontspec_tmp_int=\count271
\l__fontspec_tmpa_int=\count272
\l__fontspec_tmpb_int=\count273
\l__fontspec_tmpc_int=\count274
\l__fontspec_em_int=\count275
\l__fontspec_emdef_int=\count276
\l__fontspec_strong_int=\count277
\l__fontspec_strongdef_int=\count278
\l__fontspec_tmpa_dim=\dimen160
\l__fontspec_tmpb_dim=\dimen161
\l__fontspec_tmpc_dim=\dimen162

("C:\Users\yuliagiarto\AppData\Local\Programs\MiKTeX 2.9\tex/latex/base\fontenc
.sty"
Package: fontenc 2018/08/11 v2.0j Standard LaTeX package

("C:\Users\yuliagiarto\AppData\Local\Programs\MiKTeX 2.9\tex/latex/base\tuenc.d
ef"
File: tuenc.def 2018/08/11 v2.0j Standard LaTeX file
LaTeX Font Info:    Redeclaring font encoding TU on input line 82.
))
("C:\Users\yuliagiarto\AppData\Local\Programs\MiKTeX 2.9\tex/latex/fontspec\fon
tspec.cfg")
LaTeX Info: Redefining \itshape on input line 4051.
LaTeX Info: Redefining \slshape on input line 4056.
LaTeX Info: Redefining \scshape on input line 4061.
LaTeX Info: Redefining \upshape on input line 4066.
LaTeX Info: Redefining \em on input line 4096.
LaTeX Info: Redefining \emph on input line 4121.
))
("C:\Users\yuliagiarto\AppData\Local\Programs\MiKTeX 2.9\tex/xelatex/xecjk\xeCJ
K.sty"
Package: xeCJK 2018/04/30 v3.7.1 Typesetting CJK scripts with XeLaTeX

("C:\Users\yuliagiarto\AppData\Local\Programs\MiKTeX 2.9\tex/latex/l3packages/x
template\xtemplate.sty"
Package: xtemplate 2019-03-05 L3 Experimental prototype document functions
\l__xtemplate_tmp_dim=\dimen163
\l__xtemplate_tmp_int=\count279
\l__xtemplate_tmp_muskip=\muskip17
\l__xtemplate_tmp_skip=\skip58
)
("C:\Users\yuliagiarto\AppData\Local\Programs\MiKTeX 2.9\tex/latex/l3packages/l
3keys2e\l3keys2e.sty"
Package: l3keys2e 2019-03-05 LaTeX2e option processing using LaTeX3 keys
)
\l__xeCJK_tmp_int=\count280
\l__xeCJK_tmp_box=\box51
\l__xeCJK_tmp_dim=\dimen164
\l__xeCJK_tmp_skip=\skip59
\g__xeCJK_space_factor_int=\count281
\l__xeCJK_begin_int=\count282
\l__xeCJK_end_int=\count283
\c__xeCJK_CJK_class_int=\XeTeXcharclass1
\c__xeCJK_FullLeft_class_int=\XeTeXcharclass2
\c__xeCJK_FullRight_class_int=\XeTeXcharclass3
\c__xeCJK_HalfLeft_class_int=\XeTeXcharclass4
\c__xeCJK_HalfRight_class_int=\XeTeXcharclass5
\c__xeCJK_NormalSpace_class_int=\XeTeXcharclass6
\c__xeCJK_CM_class_int=\XeTeXcharclass7
\c__xeCJK_HangulJamo_class_int=\XeTeXcharclass8
\l__xeCJK_last_skip=\skip60
\g__xeCJK_node_int=\count284
\c__xeCJK_CJK_node_dim=\dimen165
\c__xeCJK_CJK-space_node_dim=\dimen166
\c__xeCJK_default_node_dim=\dimen167
\c__xeCJK_default-space_node_dim=\dimen168
\c__xeCJK_CJK-widow_node_dim=\dimen169
\c__xeCJK_normalspace_node_dim=\dimen170
\l__xeCJK_ccglue_skip=\skip61
\l__xeCJK_ecglue_skip=\skip62
\l__xeCJK_punct_kern_skip=\skip63
\l__xeCJK_last_penalty_int=\count285
\l__xeCJK_last_bound_dim=\dimen171
\l__xeCJK_last_kern_dim=\dimen172
\l__xeCJK_widow_penalty_int=\count286

Package xtemplate Info: Declaring object type 'xeCJK/punctuation' taking 0
(xtemplate)             argument(s) on line 2362.

\l__xeCJK_fixed_punct_width_dim=\dimen173
\l__xeCJK_mixed_punct_width_dim=\dimen174
\l__xeCJK_middle_punct_width_dim=\dimen175
\l__xeCJK_fixed_margin_width_dim=\dimen176
\l__xeCJK_mixed_margin_width_dim=\dimen177
\l__xeCJK_middle_margin_width_dim=\dimen178
\l__xeCJK_bound_punct_width_dim=\dimen179
\l__xeCJK_bound_margin_width_dim=\dimen180
\l__xeCJK_margin_minimum_dim=\dimen181
\l__xeCJK_kerning_total_width_dim=\dimen182
\l__xeCJK_same_align_margin_dim=\dimen183
\l__xeCJK_different_align_margin_dim=\dimen184
\l__xeCJK_kerning_margin_width_dim=\dimen185
\l__xeCJK_kerning_margin_minimum_dim=\dimen186
\l__xeCJK_bound_dim=\dimen187
\l__xeCJK_reverse_bound_dim=\dimen188
\l__xeCJK_minimum_bound_dim=\dimen189
\l__xeCJK_kerning_margin_dim=\dimen190
\l__xeCJK_original_margin_dim=\dimen191
\g__xeCJK_family_int=\count287
\l__xeCJK_fam_int=\count288
\g__xeCJK_fam_allocation_int=\count289
\l__xeCJK_verb_case_int=\count290
\l__xeCJK_verb_exspace_skip=\skip64

("C:\Users\yuliagiarto\AppData\Local\Programs\MiKTeX 2.9\tex/xelatex/xecjk\xeCJ
K.cfg"
File: xeCJK.cfg 2018/04/30 v3.7.1 Configuration file for xeCJK package
))

Package fontspec Info: Font family 'TimesNewRoman(0)' created for font 'Times
(fontspec)             New Roman' with options
(fontspec)             [Ligatures=TeX,Mapping=tex-text].
(fontspec)              
(fontspec)              This font family consists of the following NFSS
(fontspec)             series/shapes:
(fontspec)              
(fontspec)             - 'normal' (m/n) with NFSS spec.: <->"Times New
(fontspec)             Roman/OT:script=latn;language=DFLT;mapping=tex-text;"
(fontspec)             - 'small caps'  (m/sc) with NFSS spec.: <->"Times New
(fontspec)             Roman/OT:script=latn;language=DFLT;+smcp;mapping=tex-tex
t;"
(fontspec)             - 'bold' (bx/n) with NFSS spec.: <->"Times New
(fontspec)             Roman/B/OT:script=latn;language=DFLT;mapping=tex-text;"
(fontspec)             - 'bold small caps'  (bx/sc) with NFSS spec.: <->"Times
(fontspec)             New
(fontspec)             Roman/B/OT:script=latn;language=DFLT;+smcp;mapping=tex-t
ext;"
(fontspec)             - 'italic' (m/it) with NFSS spec.: <->"Times New
(fontspec)             Roman/I/OT:script=latn;language=DFLT;mapping=tex-text;"
(fontspec)             - 'italic small caps'  (m/itsc) with NFSS spec.:
(fontspec)             <->"Times New
(fontspec)             Roman/I/OT:script=latn;language=DFLT;+smcp;mapping=tex-t
ext;"
(fontspec)             - 'bold italic' (bx/it) with NFSS spec.: <->"Times New
(fontspec)             Roman/BI/OT:script=latn;language=DFLT;mapping=tex-text;"

(fontspec)             - 'bold italic small caps'  (bx/itsc) with NFSS spec.:
(fontspec)             <->"Times New
(fontspec)             Roman/BI/OT:script=latn;language=DFLT;+smcp;mapping=tex-
text;"

LaTeX Info: Redefining \rmfamily on input line 28.

Package fontspec Info: Could not resolve font "AR PL KaitiM Big5/BI" (it
(fontspec)             probably doesn't exist).


Package fontspec Info: Could not resolve font "AR PL KaitiM Big5/B" (it
(fontspec)             probably doesn't exist).


Package fontspec Info: Could not resolve font "AR PL KaitiM Big5/I" (it
(fontspec)             probably doesn't exist).


Package fontspec Info: Font family 'ARPLKaitiMBig5(0)' created for font 'AR PL
(fontspec)             KaitiM Big5' with options [Script={CJK}].
(fontspec)              
(fontspec)              This font family consists of the following NFSS
(fontspec)             series/shapes:
(fontspec)              
(fontspec)             - 'normal' (m/n) with NFSS spec.: <->"AR PL KaitiM
(fontspec)             Big5/OT:script=hani;language=DFLT;"
(fontspec)             - 'small caps'  (m/sc) with NFSS spec.: 

 (common_env.tex
("C:\Users\yuliagiarto\AppData\Local\Programs\MiKTeX 2.9\tex/latex/cite\cite.st
y"
LaTeX Info: Redefining \cite on input line 302.
LaTeX Info: Redefining \nocite on input line 332.
Package: cite 2015/02/27  v 5.5
)
("C:\Users\yuliagiarto\AppData\Local\Programs\MiKTeX 2.9\tex/latex/geometry\geo
metry.sty"
Package: geometry 2018/04/16 v5.8 Page Geometry

("C:\Users\yuliagiarto\AppData\Local\Programs\MiKTeX 2.9\tex/generic/oberdiek\i
fpdf.sty"
Package: ifpdf 2018/09/07 v3.3 Provides the ifpdf switch
)
("C:\Users\yuliagiarto\AppData\Local\Programs\MiKTeX 2.9\tex/generic/oberdiek\i
fvtex.sty"
Package: ifvtex 2016/05/16 v1.6 Detect VTeX and its facilities (HO)
Package ifvtex Info: VTeX not detected.
)
("C:\Users\yuliagiarto\AppData\Local\Programs\MiKTeX 2.9\tex/generic/ifxetex\if
xetex.sty"
Package: ifxetex 2010/09/12 v0.6 Provides ifxetex conditional
)
\Gm@cnth=\count291
\Gm@cntv=\count292
\c@Gm@tempcnt=\count293
\Gm@bindingoffset=\dimen192
\Gm@wd@mp=\dimen193
\Gm@odd@mp=\dimen194
\Gm@even@mp=\dimen195
\Gm@layoutwidth=\dimen196
\Gm@layoutheight=\dimen197
\Gm@layouthoffset=\dimen198
\Gm@layoutvoffset=\dimen199
\Gm@dimlist=\toks31

("C:\Users\yuliagiarto\AppData\Local\Programs\MiKTeX 2.9\tex/xelatex/xetexconfi
g\geometry.cfg"))
("C:\Users\yuliagiarto\AppData\Local\Programs\MiKTeX 2.9\tex/latex/oberdiek\eps
topdf.sty"
Package: epstopdf 2016/05/15 v2.6 Conversion with epstopdf on the fly (HO)

("C:\Users\yuliagiarto\AppData\Local\Programs\MiKTeX 2.9\tex/latex/oberdiek\eps
topdf-base.sty"
Package: epstopdf-base 2016/05/15 v2.6 Base part for package epstopdf

("C:\Users\yuliagiarto\AppData\Local\Programs\MiKTeX 2.9\tex/generic/oberdiek\i
nfwarerr.sty"
Package: infwarerr 2016/05/16 v1.4 Providing info/warning/error messages (HO)
)
("C:\Users\yuliagiarto\AppData\Local\Programs\MiKTeX 2.9\tex/latex/oberdiek\grf
ext.sty"
Package: grfext 2016/05/16 v1.2 Manage graphics extensions (HO)

("C:\Users\yuliagiarto\AppData\Local\Programs\MiKTeX 2.9\tex/generic/oberdiek\k
vdefinekeys.sty"
Package: kvdefinekeys 2016/05/16 v1.4 Define keys (HO)

("C:\Users\yuliagiarto\AppData\Local\Programs\MiKTeX 2.9\tex/generic/oberdiek\l
txcmds.sty"
Package: ltxcmds 2016/05/16 v1.23 LaTeX kernel commands for general use (HO)
)))
("C:\Users\yuliagiarto\AppData\Local\Programs\MiKTeX 2.9\tex/latex/oberdiek\kvo
ptions.sty"
Package: kvoptions 2016/05/16 v3.12 Key value format for package options (HO)

("C:\Users\yuliagiarto\AppData\Local\Programs\MiKTeX 2.9\tex/generic/oberdiek\k
vsetkeys.sty"
Package: kvsetkeys 2016/05/16 v1.17 Key value parser (HO)

("C:\Users\yuliagiarto\AppData\Local\Programs\MiKTeX 2.9\tex/generic/oberdiek\e
texcmds.sty"
Package: etexcmds 2016/05/16 v1.6 Avoid name clashes with e-TeX commands (HO)

("C:\Users\yuliagiarto\AppData\Local\Programs\MiKTeX 2.9\tex/generic/oberdiek\i
fluatex.sty"
Package: ifluatex 2016/05/16 v1.4 Provides the ifluatex switch (HO)
Package ifluatex Info: LuaTeX not detected.
))))
("C:\Users\yuliagiarto\AppData\Local\Programs\MiKTeX 2.9\tex/generic/oberdiek\p
dftexcmds.sty"
Package: pdftexcmds 2018/09/10 v0.29 Utility functions of pdfTeX for LuaTeX (HO
)
Package pdftexcmds Info: LuaTeX not detected.
Package pdftexcmds Info: pdfTeX >= 1.30 not detected.
Package pdftexcmds Info: \pdf@primitive is available.
Package pdftexcmds Info: \pdf@ifprimitive is available.
Package pdftexcmds Info: \pdfdraftmode not found.
)

Package epstopdf Warning: Drivers other than `pdftex' and `luatex' are not supp
orted.

))
("C:\Users\yuliagiarto\AppData\Local\Programs\MiKTeX 2.9\tex/latex/jknappen\mat
hrsfs.sty"
Package: mathrsfs 1996/01/01 Math RSFS package v1.0 (jk)
\symrsfs=\mathgroup6
)
("C:\Users\yuliagiarto\AppData\Local\Programs\MiKTeX 2.9\tex/latex/listings\lis
tings.sty"
\lst@mode=\count294
\lst@gtempboxa=\box52
\lst@token=\toks32
\lst@length=\count295
\lst@currlwidth=\dimen256
\lst@column=\count296
\lst@pos=\count297
\lst@lostspace=\dimen257
\lst@width=\dimen258
\lst@newlines=\count298
\lst@lineno=\count299
\lst@maxwidth=\dimen259

("C:\Users\yuliagiarto\AppData\Local\Programs\MiKTeX 2.9\tex/latex/listings\lst
misc.sty"
File: lstmisc.sty 2019/02/27 1.8b (Carsten Heinz)
\c@lstnumber=\count300
\lst@skipnumbers=\count301
\lst@framebox=\box53
)
("C:\Users\yuliagiarto\AppData\Local\Programs\MiKTeX 2.9\tex/latex/listings\lis
tings.cfg"
File: listings.cfg 2019/02/27 1.8b listings configuration
))
Package: listings 2019/02/27 1.8b (Carsten Heinz)

("C:\Users\yuliagiarto\AppData\Local\Programs\MiKTeX 2.9\tex/latex/url\url.sty"
\Urlmuskip=\muskip18
Package: url 2013/09/16  ver 3.4  Verb mode for urls, etc.
)
("C:\Users\yuliagiarto\AppData\Local\Programs\MiKTeX 2.9\tex/latex/fancyhdr\fan
cyhdr.sty"
Package: fancyhdr 2019/01/31 v3.10 Extensive control of page headers and footer
s
\f@nch@headwidth=\skip65
\f@nch@O@elh=\skip66
\f@nch@O@erh=\skip67
\f@nch@O@olh=\skip68
\f@nch@O@orh=\skip69
\f@nch@O@elf=\skip70
\f@nch@O@erf=\skip71
\f@nch@O@olf=\skip72
\f@nch@O@orf=\skip73
))
("C:\Users\yuliagiarto\AppData\Local\Programs\MiKTeX 2.9\tex/latex/subfig\subfi
g.sty"
Package: subfig 2005/06/28 ver: 1.3 subfig package

("C:\Users\yuliagiarto\AppData\Local\Programs\MiKTeX 2.9\tex/latex/caption\capt
ion.sty"
Package: caption 2018/10/06 v3.3-154 Customizing captions (AR)

("C:\Users\yuliagiarto\AppData\Local\Programs\MiKTeX 2.9\tex/latex/caption\capt
ion3.sty"
Package: caption3 2018/09/12 v1.8c caption3 kernel (AR)
Package caption3 Info: TeX engine: e-TeX on input line 64.
\captionmargin=\dimen260
\captionmargin@=\dimen261
\captionwidth=\dimen262
\caption@tempdima=\dimen263
\caption@indent=\dimen264
\caption@parindent=\dimen265
\caption@hangindent=\dimen266
)
\c@caption@flags=\count302
\c@ContinuedFloat=\count303
Package caption Info: float package is loaded.
Package caption Info: listings package is loaded.
)
\c@KVtest=\count304
\sf@farskip=\skip74
\sf@captopadj=\dimen267
\sf@capskip=\skip75
\sf@nearskip=\skip76
\c@subfigure=\count305
\c@subfigure@save=\count306
\c@lofdepth=\count307
\c@subtable=\count308
\c@subtable@save=\count309
\c@lotdepth=\count310
\sf@top=\skip77
\sf@bottom=\skip78
)
("C:\Users\yuliagiarto\AppData\Local\Programs\MiKTeX 2.9\tex/latex/tools\tabula
rx.sty"
Package: tabularx 2016/02/03 v2.11b `tabularx' package (DPC)

("C:\Users\yuliagiarto\AppData\Local\Programs\MiKTeX 2.9\tex/latex/tools\array.
sty"
Package: array 2018/12/30 v2.4k Tabular extension package (FMi)
\col@sep=\dimen268
\ar@mcellbox=\box54
\extrarowheight=\dimen269
\NC@list=\toks33
\extratabsurround=\skip79
\backup@length=\skip80
\ar@cellbox=\box55
)
\TX@col@width=\dimen270
\TX@old@table=\dimen271
\TX@old@col=\dimen272
\TX@target=\dimen273
\TX@delta=\dimen274
\TX@cols=\count311
\TX@ftn=\toks34
)
("C:\Users\yuliagiarto\AppData\Local\Programs\MiKTeX 2.9\tex/latex/comment\comm
ent.sty"
\CommentStream=\write3
 Excluding comment 'comment') (slashbox.sty
slashbox style by K.Yasuoka, May 1993.
\@slashboxa=\box56
\@slashboxb=\box57
\@slashboxc=\box58
\@slashboxwd=\count312
\@slashboxht=\count313
\@slashsepl=\dimen275
\@slashsepr=\dimen276
)
("C:\Users\yuliagiarto\AppData\Local\Programs\MiKTeX 2.9\tex/latex/graphics\rot
ating.sty"
Package: rotating 2016/08/11 v2.16d rotated objects in LaTeX
\c@r@tfl@t=\count314
\rotFPtop=\skip81
\rotFPbot=\skip82
\rot@float@box=\box59
\rot@mess@toks=\toks35
)
("C:\Users\yuliagiarto\AppData\Local\Programs\MiKTeX 2.9\tex/latex/tools\indent
first.sty"
Package: indentfirst 1995/11/23 v1.03 Indent first paragraph (DPC)
)
("C:\Users\yuliagiarto\AppData\Local\Programs\MiKTeX 2.9\tex/latex/booktabs\boo
ktabs.sty"
Package: booktabs 2005/04/14 v1.61803 publication quality tables
\heavyrulewidth=\dimen277
\lightrulewidth=\dimen278
\cmidrulewidth=\dimen279
\belowrulesep=\dimen280
\belowbottomsep=\dimen281
\aboverulesep=\dimen282
\abovetopsep=\dimen283
\cmidrulesep=\dimen284
\cmidrulekern=\dimen285
\defaultaddspace=\dimen286
\@cmidla=\count315
\@cmidlb=\count316
\@aboverulesep=\dimen287
\@belowrulesep=\dimen288
\@thisruleclass=\count317
\@lastruleclass=\count318
\@thisrulewidth=\dimen289
)
("C:\Users\yuliagiarto\AppData\Local\Programs\MiKTeX 2.9\tex/latex/threeparttab
le\threeparttable.sty"
Package: threeparttable 2003/06/13  v 3.0
\@tempboxb=\box60
)
("C:\Users\yuliagiarto\AppData\Local\Programs\MiKTeX 2.9\tex/latex/pdfpages\pdf
pages.sty"
Package: pdfpages 2017/10/31 v0.5l Insert pages of external PDF documents (AM)

("C:\Users\yuliagiarto\AppData\Local\Programs\MiKTeX 2.9\tex/latex/tools\calc.s
ty"
Package: calc 2017/05/25 v4.3 Infix arithmetic (KKT,FJ)
\calc@Acount=\count319
\calc@Bcount=\count320
\calc@Adimen=\dimen290
\calc@Bdimen=\dimen291
\calc@Askip=\skip83
\calc@Bskip=\skip84
LaTeX Info: Redefining \setlength on input line 80.
LaTeX Info: Redefining \addtolength on input line 81.
\calc@Ccount=\count321
\calc@Cskip=\skip85
)
("C:\Users\yuliagiarto\AppData\Local\Programs\MiKTeX 2.9\tex/latex/eso-pic\eso-
pic.sty"
Package: eso-pic 2018/04/12 v2.0h eso-pic (RN)

("C:\Users\yuliagiarto\AppData\Local\Programs\MiKTeX 2.9\tex/generic/oberdiek\a
tbegshi.sty"
Package: atbegshi 2016/06/09 v1.18 At begin shipout hook (HO)
)
("C:\Users\yuliagiarto\AppData\Local\Programs\MiKTeX 2.9\tex/latex/xcolor\xcolo
r.sty"
Package: xcolor 2016/05/11 v2.12 LaTeX color extensions (UK)

("C:\Users\yuliagiarto\AppData\Local\Programs\MiKTeX 2.9\tex/latex/graphics-cfg
\color.cfg"
File: color.cfg 2016/01/02 v1.6 sample color configuration
)
Package xcolor Info: Driver file: xetex.def on input line 225.
Package xcolor Info: Model `cmy' substituted by `cmy0' on input line 1348.
Package xcolor Info: Model `RGB' extended on input line 1364.
Package xcolor Info: Model `HTML' substituted by `rgb' on input line 1366.
Package xcolor Info: Model `Hsb' substituted by `hsb' on input line 1367.
Package xcolor Info: Model `tHsb' substituted by `hsb' on input line 1368.
Package xcolor Info: Model `HSB' substituted by `hsb' on input line 1369.
Package xcolor Info: Model `Gray' substituted by `gray' on input line 1370.
Package xcolor Info: Model `wave' substituted by `hsb' on input line 1371.
))
\AM@pagewidth=\dimen292
\AM@pageheight=\dimen293

("C:\Users\yuliagiarto\AppData\Local\Programs\MiKTeX 2.9\tex/latex/pdfpages\ppx
etex.def"
File: ppxetex.def 2017/10/31 v0.5l Pdfpages driver for XeTeX (AM)
)
\AM@pagebox=\box61
\AM@global@opts=\toks36
\AM@toc@title=\toks37
\c@AM@survey=\count322
\AM@templatesizebox=\box62
)
("C:\Users\yuliagiarto\AppData\Local\Programs\MiKTeX 2.9\tex/latex/hyperref\hyp
erref.sty"
Package: hyperref 2018/11/30 v6.88e Hypertext links for LaTeX

("C:\Users\yuliagiarto\AppData\Local\Programs\MiKTeX 2.9\tex/generic/oberdiek\h
obsub-hyperref.sty"
Package: hobsub-hyperref 2016/05/16 v1.14 Bundle oberdiek, subset hyperref (HO)


("C:\Users\yuliagiarto\AppData\Local\Programs\MiKTeX 2.9\tex/generic/oberdiek\h
obsub-generic.sty"
Package: hobsub-generic 2016/05/16 v1.14 Bundle oberdiek, subset generic (HO)
Package: hobsub 2016/05/16 v1.14 Construct package bundles (HO)
Package hobsub Info: Skipping package `infwarerr' (already loaded).
Package hobsub Info: Skipping package `ltxcmds' (already loaded).
Package hobsub Info: Skipping package `ifluatex' (already loaded).
Package hobsub Info: Skipping package `ifvtex' (already loaded).
Package: intcalc 2016/05/16 v1.2 Expandable calculations with integers (HO)
Package hobsub Info: Skipping package `ifpdf' (already loaded).
Package hobsub Info: Skipping package `etexcmds' (already loaded).
Package hobsub Info: Skipping package `kvsetkeys' (already loaded).
Package hobsub Info: Skipping package `kvdefinekeys' (already loaded).
Package hobsub Info: Skipping package `pdftexcmds' (already loaded).
Package: pdfescape 2016/05/16 v1.14 Implements pdfTeX's escape features (HO)
Package: bigintcalc 2016/05/16 v1.4 Expandable calculations on big integers (HO
)
Package: bitset 2016/05/16 v1.2 Handle bit-vector datatype (HO)
Package: uniquecounter 2016/05/16 v1.3 Provide unlimited unique counter (HO)
)
Package hobsub Info: Skipping package `hobsub' (already loaded).
Package: letltxmacro 2016/05/16 v1.5 Let assignment for LaTeX macros (HO)
Package: hopatch 2016/05/16 v1.3 Wrapper for package hooks (HO)
Package: xcolor-patch 2016/05/16 xcolor patch
Package: atveryend 2016/05/16 v1.9 Hooks at the very end of document (HO)
Package atveryend Info: \enddocument detected (standard20110627).
Package hobsub Info: Skipping package `atbegshi' (already loaded).
Package: refcount 2016/05/16 v3.5 Data extraction from label references (HO)
Package: hycolor 2016/05/16 v1.8 Color options for hyperref/bookmark (HO)
)
("C:\Users\yuliagiarto\AppData\Local\Programs\MiKTeX 2.9\tex/latex/oberdiek\aux
hook.sty"
Package: auxhook 2016/05/16 v1.4 Hooks for auxiliary files (HO)
)
\@linkdim=\dimen294
\Hy@linkcounter=\count323
\Hy@pagecounter=\count324

("C:\Users\yuliagiarto\AppData\Local\Programs\MiKTeX 2.9\tex/latex/hyperref\pd1
enc.def"
File: pd1enc.def 2018/11/30 v6.88e Hyperref: PDFDocEncoding definition (HO)
)
\Hy@SavedSpaceFactor=\count325

("C:\Users\yuliagiarto\AppData\Local\Programs\MiKTeX 2.9\tex/latex/00miktex\hyp
erref.cfg"
File: hyperref.cfg 2002/06/06 v1.2 hyperref configuration of TeXLive
)
Package hyperref Info: Hyper figures OFF on input line 4519.
Package hyperref Info: Link nesting OFF on input line 4524.
Package hyperref Info: Hyper index ON on input line 4527.
Package hyperref Info: Plain pages OFF on input line 4534.
Package hyperref Info: Backreferencing OFF on input line 4539.
Package hyperref Info: Implicit mode ON; LaTeX internals redefined.
Package hyperref Info: Bookmarks ON on input line 4772.
\c@Hy@tempcnt=\count326
LaTeX Info: Redefining \url on input line 5125.
\XeTeXLinkMargin=\dimen295
\Fld@menulength=\count327
\Field@Width=\dimen296
\Fld@charsize=\dimen297
Package hyperref Info: Hyper figures OFF on input line 6380.
Package hyperref Info: Link nesting OFF on input line 6385.
Package hyperref Info: Hyper index ON on input line 6388.
Package hyperref Info: backreferencing OFF on input line 6395.
Package hyperref Info: Link coloring OFF on input line 6400.
Package hyperref Info: Link coloring with OCG OFF on input line 6405.
Package hyperref Info: PDF/A mode OFF on input line 6410.
LaTeX Info: Redefining \ref on input line 6450.
LaTeX Info: Redefining \pageref on input line 6454.
\Hy@abspage=\count328
\c@Item=\count329
\c@Hfootnote=\count330
)
Package hyperref Info: Driver (autodetected): hxetex.

("C:\Users\yuliagiarto\AppData\Local\Programs\MiKTeX 2.9\tex/latex/hyperref\hxe
tex.def"
File: hxetex.def 2018/11/30 v6.88e Hyperref driver for XeTeX

("C:\Users\yuliagiarto\AppData\Local\Programs\MiKTeX 2.9\tex/latex/hyperref\pue
nc.def"
File: puenc.def 2018/11/30 v6.88e Hyperref: PDF Unicode definition (HO)
)
("C:\Users\yuliagiarto\AppData\Local\Programs\MiKTeX 2.9\tex/generic/oberdiek\s
tringenc.sty"
Package: stringenc 2016/05/16 v1.11 Convert strings between diff. encodings (HO
)
)
\pdfm@box=\box63
\c@Hy@AnnotLevel=\count331
\HyField@AnnotCount=\count332
\Fld@listcount=\count333
\c@bookmark@seq@number=\count334

("C:\Users\yuliagiarto\AppData\Local\Programs\MiKTeX 2.9\tex/latex/oberdiek\rer
unfilecheck.sty"
Package: rerunfilecheck 2016/05/16 v1.8 Rerun checks for auxiliary files (HO)
Package uniquecounter Info: New unique counter `rerunfilecheck' on input line 2
82.
)
\Hy@SectionHShift=\skip86
)
("C:\Users\yuliagiarto\AppData\Local\Programs\MiKTeX 2.9\tex/xelatex/xecjk\xeCJ
K-listings.sty"
Package: xeCJK-listings 2018/04/30 v3.7.1 xeCJK patch file for listings
\l__xeCJK_listings_max_char_int=\count335
\l__xeCJK_listings_flag_int=\count336
) (my_ntust_thesis.aux)
\openout1 = `my_ntust_thesis.aux'.

LaTeX Font Info:    Checking defaults for OML/cmm/m/it on input line 55.
LaTeX Font Info:    ... okay on input line 55.
LaTeX Font Info:    Checking defaults for T1/cmr/m/n on input line 55.
LaTeX Font Info:    ... okay on input line 55.
LaTeX Font Info:    Checking defaults for OT1/cmr/m/n on input line 55.
LaTeX Font Info:    ... okay on input line 55.
LaTeX Font Info:    Checking defaults for OMS/cmsy/m/n on input line 55.
LaTeX Font Info:    ... okay on input line 55.
LaTeX Font Info:    Checking defaults for TU/lmr/m/n on input line 55.
LaTeX Font Info:    ... okay on input line 55.
LaTeX Font Info:    Checking defaults for OMX/cmex/m/n on input line 55.
LaTeX Font Info:    ... okay on input line 55.
LaTeX Font Info:    Checking defaults for U/cmr/m/n on input line 55.
LaTeX Font Info:    ... okay on input line 55.
LaTeX Font Info:    Checking defaults for PD1/pdf/m/n on input line 55.
LaTeX Font Info:    ... okay on input line 55.
LaTeX Font Info:    Checking defaults for PU/pdf/m/n on input line 55.
LaTeX Font Info:    ... okay on input line 55.

Package fontspec Info: Adjusting the maths setup (use [no-math] to avoid
(fontspec)             this).

\symlegacymaths=\mathgroup7
LaTeX Font Info:    Overwriting symbol font `legacymaths' in version `bold'
(Font)                  OT1/cmr/m/n --> OT1/cmr/bx/n on input line 55.
LaTeX Font Info:    Redeclaring math accent \acute on input line 55.
LaTeX Font Info:    Redeclaring math accent \grave on input line 55.
LaTeX Font Info:    Redeclaring math accent \ddot on input line 55.
LaTeX Font Info:    Redeclaring math accent \tilde on input line 55.
LaTeX Font Info:    Redeclaring math accent \bar on input line 55.
LaTeX Font Info:    Redeclaring math accent \breve on input line 55.
LaTeX Font Info:    Redeclaring math accent \check on input line 55.
LaTeX Font Info:    Redeclaring math accent \hat on input line 55.
LaTeX Font Info:    Redeclaring math accent \dot on input line 55.
LaTeX Font Info:    Redeclaring math accent \mathring on input line 55.
LaTeX Font Info:    Redeclaring math symbol \Gamma on input line 55.
LaTeX Font Info:    Redeclaring math symbol \Delta on input line 55.
LaTeX Font Info:    Redeclaring math symbol \Theta on input line 55.
LaTeX Font Info:    Redeclaring math symbol \Lambda on input line 55.
LaTeX Font Info:    Redeclaring math symbol \Xi on input line 55.
LaTeX Font Info:    Redeclaring math symbol \Pi on input line 55.
LaTeX Font Info:    Redeclaring math symbol \Sigma on input line 55.
LaTeX Font Info:    Redeclaring math symbol \Upsilon on input line 55.
LaTeX Font Info:    Redeclaring math symbol \Phi on input line 55.
LaTeX Font Info:    Redeclaring math symbol \Psi on input line 55.
LaTeX Font Info:    Redeclaring math symbol \Omega on input line 55.
LaTeX Font Info:    Redeclaring math symbol \mathdollar on input line 55.
LaTeX Font Info:    Redeclaring symbol font `operators' on input line 55.
LaTeX Font Info:    Encoding `OT1' has changed to `TU' for symbol font
(Font)              `operators' in the math version `normal' on input line 55.
LaTeX Font Info:    Overwriting symbol font `operators' in version `normal'
(Font)                  OT1/cmr/m/n --> TU/TimesNewRoman(0)/m/n on input line 5
5.
LaTeX Font Info:    Encoding `OT1' has changed to `TU' for symbol font
(Font)              `operators' in the math version `bold' on input line 55.
LaTeX Font Info:    Overwriting symbol font `operators' in version `bold'
(Font)                  OT1/cmr/bx/n --> TU/TimesNewRoman(0)/m/n on input line 
55.
LaTeX Font Info:    Overwriting symbol font `operators' in version `normal'
(Font)                  TU/TimesNewRoman(0)/m/n --> TU/TimesNewRoman(0)/m/n on 
input line 55.
LaTeX Font Info:    Overwriting math alphabet `\mathit' in version `normal'
(Font)                  OT1/cmr/m/it --> TU/TimesNewRoman(0)/m/it on input line
 55.
LaTeX Font Info:    Overwriting math alphabet `\mathbf' in version `normal'
(Font)                  OT1/cmr/bx/n --> TU/TimesNewRoman(0)/bx/n on input line
 55.
LaTeX Font Info:    Overwriting math alphabet `\mathsf' in version `normal'
(Font)                  OT1/cmss/m/n --> TU/lmss/m/n on input line 55.
LaTeX Font Info:    Overwriting math alphabet `\mathtt' in version `normal'
(Font)                  OT1/cmtt/m/n --> TU/lmtt/m/n on input line 55.
LaTeX Font Info:    Overwriting symbol font `operators' in version `bold'
(Font)                  TU/TimesNewRoman(0)/m/n --> TU/TimesNewRoman(0)/bx/n on
 input line 55.
LaTeX Font Info:    Overwriting math alphabet `\mathit' in version `bold'
(Font)                  OT1/cmr/bx/it --> TU/TimesNewRoman(0)/bx/it on input li
ne 55.
LaTeX Font Info:    Overwriting math alphabet `\mathsf' in version `bold'
(Font)                  OT1/cmss/bx/n --> TU/lmss/bx/n on input line 55.
LaTeX Font Info:    Overwriting math alphabet `\mathtt' in version `bold'
(Font)                  OT1/cmtt/m/n --> TU/lmtt/bx/n on input line 55.

*geometry* detected driver: pdftex
*geometry* verbose mode - [ preamble ] result:
* driver: pdftex
* paper: a4paper
* layout: <same size as paper>
* layoutoffset:(h,v)=(0.0pt,0.0pt)
* modes: 
* h-part:(L,W,R)=(85.35826pt, 426.79135pt, 85.35826pt)
* v-part:(T,H,B)=(99.58464pt, 688.5567pt, 56.9055pt)
* \paperwidth=597.50787pt
* \paperheight=845.04684pt
* \textwidth=426.79135pt
* \textheight=688.5567pt
* \oddsidemargin=13.08827pt
* \evensidemargin=13.08827pt
* \topmargin=-9.68535pt
* \headheight=12.0pt
* \headsep=25.0pt
* \topskip=12.0pt
* \footskip=30.0pt
* \marginparwidth=35.0pt
* \marginparsep=10.0pt
* \columnsep=10.0pt
* \skip\footins=10.8pt plus 4.0pt minus 2.0pt
* \hoffset=0.0pt
* \voffset=0.0pt
* \mag=1000
* \@twocolumnfalse
* \@twosidefalse
* \@mparswitchfalse
* \@reversemarginfalse
* (1in=72.27pt=25.4mm, 1cm=28.453pt)

\c@lstlisting=\count337
Package caption Info: Begin \AtBeginDocument code.
Package caption Info: subfig package v1.3 is loaded.
Package caption Info: hyperref package is loaded.
Package caption Info: rotating package is loaded.
Package caption Info: threeparttable package is loaded.
Package caption Info: End \AtBeginDocument code.
\AtBeginShipoutBox=\box64

("C:\Users\yuliagiarto\AppData\Local\Programs\MiKTeX 2.9\tex/latex/oberdiek\pdf
lscape.sty"
Package: pdflscape 2016/05/14 v0.11 Display of landscape pages in PDF (HO)

("C:\Users\yuliagiarto\AppData\Local\Programs\MiKTeX 2.9\tex/latex/graphics\lsc
ape.sty"
Package: lscape 2000/10/22 v3.01 Landscape Pages (DPC)
)
Package pdflscape Info: Auto-detected driver: dvipdfm (xetex) on input line 99.

)
Package hyperref Info: Link coloring OFF on input line 55.

("C:\Users\yuliagiarto\AppData\Local\Programs\MiKTeX 2.9\tex/latex/hyperref\nam
eref.sty"
Package: nameref 2016/05/21 v2.44 Cross-referencing by name of section

("C:\Users\yuliagiarto\AppData\Local\Programs\MiKTeX 2.9\tex/generic/oberdiek\g
ettitlestring.sty"
Package: gettitlestring 2016/05/16 v1.5 Cleanup title references (HO)
)
\c@section@level=\count338
)
LaTeX Info: Redefining \ref on input line 55.
LaTeX Info: Redefining \pageref on input line 55.
LaTeX Info: Redefining \nameref on input line 55.
 (my_ntust_thesis.out) (my_ntust_thesis.out)
\@outlinefile=\write4
\openout4 = `my_ntust_thesis.out'.


(english_trans.tex) (frontpages/ntust_frontpages.tex (frontpages/my_names.tex)
File: frontpages/ntust_logo.pdf Graphic file (type pdf)
<use frontpages/ntust_logo.pdf>

Overfull \hbox (28.45273pt too wide) in paragraph at lines 68--82
[] 
 []


LaTeX Font Warning: Font shape `TU/ARPLKaitiMBig5(0)/bx/n' undefined
(Font)              using `TU/ARPLKaitiMBig5(0)/m/n' instead on input line 86.


Underfull \hbox (badness 10000) detected at line 102
\TU/ARPLKaitiMBig5(0)/m/n/17.28 研 究 生：| 
 []


Underfull \hbox (badness 10000) detected at line 107
\TU/ARPLKaitiMBig5(0)/m/n/17.28 學 號：| 
 []


Overfull \hbox (1.04173pt too wide) detected at line 112
\TU/ARPLKaitiMBig5(0)/m/n/17.28 指 導 教 授：| 
 []


("C:\Users\yuliagiarto\AppData\Local\Programs\MiKTeX 2.9\tex/generic/oberdiek\s
e-ascii-print.def"
File: se-ascii-print.def 2016/05/16 v1.11 stringenc: Printable ASCII characters

) [1

] [1] [2

]
Underfull \hbox (badness 10000) detected at line 401
\TU/TimesNewRoman(0)/bx/n/20.74 Abstract
 []

Excluding 'comment' comment. (frontpages/my_eabstract.tex
Overfull \hbox (0.14761pt too wide) in paragraph at lines 1--2
\TU/TimesNewRoman(0)/m/n/14.4 firmware update process. In this thesis, we propo
se a robust and lightweight
 []

) [3


]
Overfull \hbox (29.40837pt too wide) detected at line 484
\TU/TimesNewRoman(0)/bx/n/20.74 Acknowledgements
 []

(frontpages/my_ackn.tex) [4

]
Underfull \hbox (badness 10000) detected at line 497
\TU/TimesNewRoman(0)/bx/n/20.74 Contents
 []

(my_ntust_thesis.toc
LaTeX Font Info:    Try loading font information for U+msa on input line 1.

("C:\Users\yuliagiarto\AppData\Local\Programs\MiKTeX 2.9\tex/latex/amsfonts\ums
a.fd"
File: umsa.fd 2013/01/14 v3.01 AMS symbols A
)
LaTeX Font Info:    Try loading font information for U+msb on input line 1.

("C:\Users\yuliagiarto\AppData\Local\Programs\MiKTeX 2.9\tex/latex/amsfonts\ums
b.fd"
File: umsb.fd 2013/01/14 v3.01 AMS symbols B
)
LaTeX Font Info:    Try loading font information for U+rsfs on input line 1.

("C:\Users\yuliagiarto\AppData\Local\Programs\MiKTeX 2.9\tex/latex/jknappen\urs
fs.fd"
File: ursfs.fd 1998/03/24 rsfs font definition file (jk)
) [5

] [6])
\tf@toc=\write5
\openout5 = `my_ntust_thesis.toc'.

 [7]
Underfull \hbox (badness 1803) detected at line 510
\TU/TimesNewRoman(0)/bx/n/20.74 List of Figures
 []

(my_ntust_thesis.lof [8

])
\tf@lof=\write6
\openout6 = `my_ntust_thesis.lof'.

 [9]
Underfull \hbox (badness 1231) detected at line 521
\TU/TimesNewRoman(0)/bx/n/20.74 List of Tables 
 []

(my_ntust_thesis.lot
Overfull \hbox (30.8851pt too wide) in paragraph at lines 10--10
 [][] [][]\TU/TimesNewRoman(0)/m/n/14.4 The performance comparison of four bloc
kchain-based firmware 
 []

)
\tf@lot=\write7
\openout7 = `my_ntust_thesis.lot'.

 [10

]
Overfull \hbox (28.27077pt too wide) detected at line 532
\TU/TimesNewRoman(0)/bx/n/20.74 List of Pseudocodes
 []

(my_ntust_thesis.loa)
\tf@loa=\write8
\openout8 = `my_ntust_thesis.loa'.

 [11

]) (sections/introduction.tex
Chapter 1.
[1

]

LaTeX Warning: Citation `iotsecurity' on page 2 undefined on input line 17.


LaTeX Warning: Citation `Gajjar:2017:MSC:3110857' on page 2 undefined on input 
line 20.

[2] [3] [4]
Overfull \hbox (1.58118pt too wide) in paragraph at lines 40--41
\TU/TimesNewRoman(0)/m/n/14.4 nology, the proposed system architecture and prot
ocol designs are explained
 []

[5]) (sections/literature.tex [6]
Chapter 2.

LaTeX Warning: Citation `iotsecurity' on page 7 undefined on input line 14.

[7

]
File: figures/img_firmware_update_fota.png Graphic file (type bmp)
<figures/img_firmware_update_fota.png>
 [8] [9] [10]
File: figures/proofofwork.png Graphic file (type bmp)
<figures/proofofwork.png>
File: figures/block-chainning.png Graphic file (type bmp)
<figures/block-chainning.png>
 [11]
File: figures/skiplistSearch.png Graphic file (type bmp)
<figures/skiplistSearch.png>
 [12]
File: figures/deterministicSkiplist.png Graphic file (type bmp)
<figures/deterministicSkiplist.png>
 [13] [14]
File: figures/skipchainStructure.png Graphic file (type bmp)
<figures/skipchainStructure.png>
 [15]
Underfull \hbox (badness 1292) in paragraph at lines 105--106
[]\TU/TimesNewRoman(0)/m/n/14.4 In [[]21[]] architecture, embedded device acted
 as full node in the
 []

[16]) (sections/proposedFramework.tex [17]
Chapter 3.
[18

] [19]
File: figures/cosigning.png Graphic file (type bmp)
<figures/cosigning.png>
 [20] [21]
File: figures/firmware_update-skipchain-based_fotb.png Graphic file (type bmp)
<figures/firmware_update-skipchain-based_fotb.png>
 [22]
File: figures/firmware_update-skipblock-diagram.png Graphic file (type bmp)
<figures/firmware_update-skipblock-diagram.png>
 [23] [24]
File: figures/firmware_update-Firmware_verification_process.png Graphic file (t
ype bmp)
<figures/firmware_update-Firmware_verification_process.png>
 [25] [26] [27]
File: figures/firmware_update-firmware_update_execution.png Graphic file (type 
bmp)
<figures/firmware_update-firmware_update_execution.png>

Underfull \hbox (badness 1308) in paragraph at lines 109--110
[]\TU/TimesNewRoman(0)/m/n/14.4 In the peer-to-peer verification process, the I
oT device uses the
 []

[28]
File: figures/firmware_update-skipchain_p2p_update.png Graphic file (type bmp)
<figures/firmware_update-skipchain_p2p_update.png>
File: figures/firmware_update-preinstalled_skipblock.png Graphic file (type bmp
)
<figures/firmware_update-preinstalled_skipblock.png>
 [29]
Overfull \hbox (41.53773pt too wide) in paragraph at lines 138--175
 [] 
 []

[30] [31]
File: figures/verification_process_protocol.png Graphic file (type bmp)
<figures/verification_process_protocol.png>
 [32] [33]
File: figures/firmware_update_execution_1.png Graphic file (type bmp)
<figures/firmware_update_execution_1.png>
 [34] [35] [36]
File: figures/firmware_update_execution_2.png Graphic file (type bmp)
<figures/firmware_update_execution_2.png>
 [37]) (sections/prototypeImplementation.tex
[38]
Chapter 4.

Underfull \hbox (badness 10000) in paragraph at lines 16--17
[]\TU/TimesNewRoman(0)/m/n/14.4 Both prototypes use Diffie-Hellman [[]24[]] key
 exchange
 []


Underfull \hbox (badness 7667) in paragraph at lines 16--17
\TU/TimesNewRoman(0)/m/n/14.4 protocol. The three stages of key exchange protoc
ol are de-
 []


Underfull \hbox (badness 5490) in paragraph at lines 16--17
\TU/TimesNewRoman(0)/m/n/14.4 scribed in Algorithm []1[],[]2[],[]3[]. In initia
tion procedure from Algo-
 []


Underfull \hbox (badness 10000) in paragraph at lines 16--17
\TU/TimesNewRoman(0)/m/n/14.4 rithm []1[], \TU/TimesNewRoman(0)/bx/n/14.4 vendo
r repository \TU/TimesNewRoman(0)/m/n/14.4 (in repository-node prototype) uses
 []


Underfull \hbox (badness 6775) in paragraph at lines 16--17
\OML/cmm/m/it/14.4 WIFI[]CLIENT[]SOCKET$ \TU/TimesNewRoman(0)/m/n/14.4 and \TU/
TimesNewRoman(0)/bx/n/14.4 IoT device \TU/TimesNewRoman(0)/m/n/14.4 (in gateway
-device
 []

[39

]
Package hyperref Info: bookmark level for unknown algorithm defaults to 0 on in
put line 19.

Underfull \hbox (badness 1540) in paragraph at lines 36--37
\TU/TimesNewRoman(0)/m/n/14.4 the response procedure, \TU/TimesNewRoman(0)/bx/n
/14.4 vendor node \TU/TimesNewRoman(0)/m/n/14.4 (in repository-node prototype)
 []


Underfull \hbox (badness 10000) in paragraph at lines 36--37
\TU/TimesNewRoman(0)/m/n/14.4 uses $\OML/cmm/m/it/14.4 WIFI[]SERVER[]SOCKET$ \T
U/TimesNewRoman(0)/m/n/14.4 and \TU/TimesNewRoman(0)/bx/n/14.4 gateway \TU/Time
sNewRoman(0)/m/n/14.4 (in gateway-
 []


Underfull \hbox (badness 10000) in paragraph at lines 36--37
\TU/TimesNewRoman(0)/m/n/14.4 device prototype) uses $\OML/cmm/m/it/14.4 BLUETO
OTH[]SERVER[]SOCKET$\TU/TimesNewRoman(0)/m/n/14.4 .
 []

[40] [41] [42]
Underfull \hbox (badness 1552) in paragraph at lines 112--113
\TU/TimesNewRoman(0)/m/n/14.4 tion encrypts the plain text using the nonce $\OM
L/cmm/m/it/14.4 IV$\TU/TimesNewRoman(0)/m/n/14.4 , then concates the
 []

[43] [44] [45]) (sections/securityAnalysis.tex [46]
Chapter 5.
[47

] [48] [49]
\c@theorem=\count339
 [50] [51] [52] [53]
File: figures/scyther-result.png Graphic file (type bmp)
<figures/scyther-result.png>
 [54] [55]
Underfull \hbox (badness 1107) in paragraph at lines 183--184
[]\TU/TimesNewRoman(0)/m/n/14.4 In order to compare the computation cost betwee
n the proposed
 []

[56] [57] [58]
Underfull \hbox (badness 1057) in paragraph at lines 255--256
[]\TU/TimesNewRoman(0)/m/n/14.4 Second, our proposed framework uses skipchain, 
a permissioned
 []

[59]) (sections/conclusion.tex [60]
Chapter 6.
) [61

] (backpages/ntust_backpages.tex [62] (my_ntust_thesis.bbl
Underfull \hbox (badness 10000) detected at line 1
\TU/TimesNewRoman(0)/bx/n/20.74 References
 []


Package xeCJK Warning: Unknown CJK family `\CJKttdefault' is being ignored.
(xeCJK)                
(xeCJK)                Try to use `\setCJKmonofont[...]{...}' to define it.

[63

]))
Package atveryend Info: Empty hook `BeforeClearDocument' on input line 120.
 [64]
Package atveryend Info: Empty hook `AfterLastShipout' on input line 120.
 (my_ntust_thesis.aux)
Package atveryend Info: Empty hook `AtVeryEndDocument' on input line 120.
Package atveryend Info: Executing hook `AtEndAfterFileList' on input line 120.
Package rerunfilecheck Info: File `my_ntust_thesis.out' has not changed.
(rerunfilecheck)             Checksum: 72E5B70F6958E9B283CE9BE467B2EAF7.


LaTeX Font Warning: Some font shapes were not available, defaults substituted.


LaTeX Warning: There were undefined references.

Package atveryend Info: Empty hook `AtVeryVeryEnd' on input line 120.
 )
(\end occurred when \ifx on line 161 was incomplete) 
Here is how much of TeX's memory you used:
 28326 strings out of 427748
 531144 string characters out of 3145877
 655143 words of memory out of 3000000
 31970 multiletter control sequences out of 15000+200000
 544838 words of font info for 114 fonts, out of 3000000 for 9000
 1328 hyphenation exceptions out of 8191
 61i,20n,96p,1225b,500s stack positions out of 5000i,500n,10000p,200000b,50000s

Output written on my_ntust_thesis.pdf (76 pages).
