\BOOKMARK [0][-]{figure.caption.1}{Recommendation\040Letter}{}% 1
\BOOKMARK [0][-]{figure.caption.1}{Approval\040Letter}{}% 2
\BOOKMARK [0][-]{chapter*.2}{Abstract}{}% 3
\BOOKMARK [0][-]{chapter*.3}{Acknowledgements}{}% 4
\BOOKMARK [0][-]{chapter*.3}{Contents}{}% 5
\BOOKMARK [0][-]{chapter*.4}{List\040of\040Figures}{}% 6
\BOOKMARK [0][-]{chapter*.5}{List\040of\040Tables\040}{}% 7
\BOOKMARK [0][-]{chapter*.6}{List\040of\040Pseudocodes}{}% 8
\BOOKMARK [0][-]{chapter.1}{Introduction}{}% 9
\BOOKMARK [0][-]{chapter.2}{Literature\040Review}{}% 10
\BOOKMARK [1][-]{section.2.1}{Cyber\040Attack\040on\040Firmware\040and\040Remote\040Firmware\040Update\040for\040Embedded\040Device}{chapter.2}% 11
\BOOKMARK [1][-]{section.2.2}{Blockchain}{chapter.2}% 12
\BOOKMARK [1][-]{section.2.3}{Skiplist}{chapter.2}% 13
\BOOKMARK [1][-]{section.2.4}{Skipchain}{chapter.2}% 14
\BOOKMARK [1][-]{section.2.5}{Blockchain-based\040Firmware\040Update\040Framework}{chapter.2}% 15
\BOOKMARK [0][-]{chapter.3}{System\040Environment\040and\040Protocol\040Designs}{}% 16
\BOOKMARK [1][-]{section.3.1}{Assumptions}{chapter.3}% 17
\BOOKMARK [1][-]{section.3.2}{Skipchain\040Overview}{chapter.3}% 18
\BOOKMARK [1][-]{section.3.3}{Architecture\040Design}{chapter.3}% 19
\BOOKMARK [1][-]{section.3.4}{Protocol\040Design}{chapter.3}% 20
\BOOKMARK [2][-]{subsection.3.4.1}{Firmware\040Update\040Verification\040Protocol}{section.3.4}% 21
\BOOKMARK [2][-]{subsection.3.4.2}{Firmware\040Update\040Peer-to-Peer\040Verification\040Protocol}{section.3.4}% 22
\BOOKMARK [2][-]{subsection.3.4.3}{Firmware\040Update\040Execution\040Protocol}{section.3.4}% 23
\BOOKMARK [0][-]{chapter.4}{Prototype\040Design\040and\040Implementation}{}% 24
\BOOKMARK [1][-]{section.4.1}{Prototype\040Design}{chapter.4}% 25
\BOOKMARK [2][-]{subsection.4.1.1}{Key\040Exchange\040Procedure}{section.4.1}% 26
\BOOKMARK [2][-]{subsection.4.1.2}{AES\040Encryption\040Function}{section.4.1}% 27
\BOOKMARK [2][-]{subsection.4.1.3}{AES\040Decryption\040Function}{section.4.1}% 28
\BOOKMARK [1][-]{section.4.2}{Prototype\040Implementation}{chapter.4}% 29
\BOOKMARK [0][-]{chapter.5}{Security\040and\040Performance\040Analyses}{}% 30
\BOOKMARK [1][-]{section.5.1}{Informal\040Security\040Analysis}{chapter.5}% 31
\BOOKMARK [1][-]{section.5.2}{Protocol\040Verification\040Using\040Scyther\040Tool}{chapter.5}% 32
\BOOKMARK [2][-]{subsection.5.2.1}{Data\040Secrecy}{section.5.2}% 33
\BOOKMARK [2][-]{subsection.5.2.2}{Aliveness}{section.5.2}% 34
\BOOKMARK [2][-]{subsection.5.2.3}{Non-injective\040Agreement\040and\040Non-injective\040Synchronisation}{section.5.2}% 35
\BOOKMARK [1][-]{section.5.3}{Performance\040Analysis}{chapter.5}% 36
\BOOKMARK [1][-]{section.5.4}{Discussion}{chapter.5}% 37
\BOOKMARK [0][-]{chapter.6}{Conclusions}{}% 38
\BOOKMARK [0][-]{chapter.6}{References}{}% 39
